# File:      items.lst
# Copyright: (c) 2015 Gerrard de Jonge <development.gdj@netvisit.nl>
# License:   GPLv2 (see file COPYING)

# name		N: health essence
# id		I: 37
# compound	C: 1
# element0	E: 80 2
# element1	E: 
# ..
# element n E: 0


N: gold ore
I: 81
C: 0

N: iron ore
I: 82
C: 0

N: chrysanthemum
I: 21
C: 0

N: silver ore
I: 80
C: 0

N: swamp candles
I: 41
C: 0

N: lilacs
I: 18
C: 0

N: coal
I: 83
C: 0

N: rose quartz
I: 84
C: 0

N: sulfur
I: 85
C: 0

N: quartz
I: 86
C: 0

N: blue quartz
I: 87
C: 0

N: red snapdragon
I: 112
C: 0

N: tiger lilly
I: 113
C: 0

N: red roses
I: 118
C: 0

N: sapphire
I: 133
C: 0

N: diamond
I: 262
C: 0

N: emerald
I: 263
C: 0


N: health essence
I: 37
C: 1
E: 21 1
E: 80 2
E: 0


N: fire essence
I: 59
C: 1
E: 85 1
E: 112 1
E: 118 1
E: 0


N: earth essence
I: 58
C: 1
E: 41 1    # swamp candles
E: 85 1    # sulfur
E: 83 2    # coal
E: 0


N: matter essence
I: 61 
C: 1
E: 84 1
E: 86 1
E: 87 1
E: 0


N: magic essence
I: 126
C: 1
E: 263 1
E: 0


N: gold ring
I: 128		#id
C: 1		# compound
E: 59  3	# fire essence
E: 168 2	# gold bar
E: 0


N: water essence
I: 150
C: 1
E: 0


N:gold bar 
I:168		# id
C:1		# compound
E:59 5	#fire essence
E:81 8	# gold ore
E:83 3	# coal
E:0



N: matter conglomerate
I: 309
C: 1
E: 58 80  # earth essence
E: 61 25  # matter essence
E: 0

N: enriched energy essence
I: 1228 
C: 1
E: 61 20
E: 0
